[  8%] Building CXX object CMakeFiles/gltfu.dir/src/main.cpp.o
[ 16%] Building CXX object CMakeFiles/gltfu.dir/src/tinygltf_impl.cpp.o
In file included from /Users/olivier/Documents/gltfu/src/tinygltf_impl.cpp:8:
In file included from /Users/olivier/Documents/gltfu/third_party/tiny_gltf.h:1750:
/Users/olivier/Documents/gltfu/third_party/stb_image_write.h:514:32: warning: missing field 'context' initializer [-Wmissing-field-initializers]
  514 |    stbi__write_context s = { 0 };
      |                                ^
/Users/olivier/Documents/gltfu/third_party/stb_image_write.h:522:32: warning: missing field 'context' initializer [-Wmissing-field-initializers]
  522 |    stbi__write_context s = { 0 };
      |                                ^
/Users/olivier/Documents/gltfu/third_party/stb_image_write.h:613:32: warning: missing field 'context' initializer [-Wmissing-field-initializers]
  613 |    stbi__write_context s = { 0 };
      |                                ^
/Users/olivier/Documents/gltfu/third_party/stb_image_write.h:621:32: warning: missing field 'context' initializer [-Wmissing-field-initializers]
  621 |    stbi__write_context s = { 0 };
      |                                ^
/Users/olivier/Documents/gltfu/third_party/stb_image_write.h:776:13: warning: 'sprintf' is deprecated: This function is provided for compatibility reasons only.  Due to security concerns inherent in the design of sprintf(3), it is highly recommended that you use snprintf(3) instead. [-Wdeprecated-declarations]
  776 |       len = sprintf(buffer, "EXPOSURE=          1.0000000000000\n\n-Y %d +X %d\n", y, x);
      |             ^
/Applications/Xcode.app/Contents/Developer/Platforms/MacOSX.platform/Developer/SDKs/MacOSX.sdk/usr/include/_stdio.h:278:1: note: 'sprintf' has been explicitly marked deprecated here
  278 | __deprecated_msg("This function is provided for compatibility reasons only.  Due to security concerns inherent in the design of sprintf(3), it is highly recommended that you use snprintf(3) instead.")
      | ^
/Applications/Xcode.app/Contents/Developer/Platforms/MacOSX.platform/Developer/SDKs/MacOSX.sdk/usr/include/sys/cdefs.h:227:48: note: expanded from macro '__deprecated_msg'
  227 |         #define __deprecated_msg(_msg) __attribute__((__deprecated__(_msg)))
      |                                                       ^
In file included from /Users/olivier/Documents/gltfu/src/tinygltf_impl.cpp:8:
In file included from /Users/olivier/Documents/gltfu/third_party/tiny_gltf.h:1750:
/Users/olivier/Documents/gltfu/third_party/stb_image_write.h:789:32: warning: missing field 'context' initializer [-Wmissing-field-initializers]
  789 |    stbi__write_context s = { 0 };
      |                                ^
/Users/olivier/Documents/gltfu/third_party/stb_image_write.h:796:32: warning: missing field 'context' initializer [-Wmissing-field-initializers]
  796 |    stbi__write_context s = { 0 };
      |                                ^
/Users/olivier/Documents/gltfu/third_party/stb_image_write.h:1609:32: warning: missing field 'context' initializer [-Wmissing-field-initializers]
 1609 |    stbi__write_context s = { 0 };
      |                                ^
/Users/olivier/Documents/gltfu/third_party/stb_image_write.h:1618:32: warning: missing field 'context' initializer [-Wmissing-field-initializers]
 1618 |    stbi__write_context s = { 0 };
      |                                ^
9 warnings generated.
[ 25%] Building CXX object CMakeFiles/gltfu.dir/src/gltf_merger.cpp.o
/Users/olivier/Documents/gltfu/src/gltf_merger.cpp:321:54: warning: unused parameter 'sceneIndices' [-Wunused-parameter]
  321 | bool GltfMerger::mergeScenes(const std::vector<int>& sceneIndices) {
      |                                                      ^
1 warning generated.
[ 33%] Building CXX object CMakeFiles/gltfu.dir/src/gltf_dedup.cpp.o
[ 41%] Building CXX object CMakeFiles/gltfu.dir/src/gltf_flatten.cpp.o
/Users/olivier/Documents/gltfu/src/gltf_flatten.cpp:220:29: warning: unused variable 'sampler' [-Wunused-variable]
  220 |                 const auto& sampler = animation.samplers[channel.sampler];
      |                             ^~~~~~~
1 warning generated.
[ 50%] Building CXX object CMakeFiles/gltfu.dir/src/gltf_join.cpp.o
[ 58%] Building CXX object CMakeFiles/gltfu.dir/src/gltf_weld.cpp.o
[ 66%] Building CXX object CMakeFiles/gltfu.dir/src/gltf_prune.cpp.o
[ 75%] Building CXX object CMakeFiles/gltfu.dir/src/gltf_simplify.cpp.o
[ 83%] Building CXX object CMakeFiles/gltfu.dir/third_party/meshoptimizer_simplifier.cpp.o
[ 91%] Building CXX object CMakeFiles/gltfu.dir/third_party/meshoptimizer_allocator.cpp.o
[100%] Linking CXX executable gltfu
[100%] Built target gltfu
